# JRE version: Java(TM) SE Runtime Environment (17.0.1+12) (build 17.0.1+12-LTS-39)
# Java VM: Java HotSpot(TM) 64-Bit Server VM (17.0.1+12-LTS-39, mixed mode, sharing, tiered, compressed oops, compressed class ptrs, g1 gc, windows-amd64)
GC Precious Log:
 CPUs: 4 total, 4 available
 Memory: 3871M
 Large Page Support: Disabled
 NUMA Support: Disabled
 Compressed Oops: Enabled (32-bit)
 Heap Region Size: 1M
 Heap Min Capacity: 8M
 Heap Initial Capacity: 62M
 Heap Max Capacity: 968M
 Pre-touch: Disabled
 Parallel Workers: 4
 Concurrent Workers: 1
 Concurrent Refinement Workers: 4
 Periodic GC: Disabled
Heap:
 garbage-first heap   total 63488K, used 18341K [0x00000000c3800000, 0x0000000100000000)
  region size 1024K, 12 young (12288K), 4 survivors (4096K)
 Metaspace       used 16785K, committed 17024K, reserved 1064960K
  class space    used 2271K, committed 2368K, reserved 1048576K
GC Heap History (8 events):
Event: 2.273 GC heap before
{Heap before GC invocations=0 (full 0):
 garbage-first heap   total 63488K, used 13312K [0x00000000c3800000, 0x0000000100000000)
  region size 1024K, 13 young (13312K), 0 survivors (0K)
 Metaspace       used 2611K, committed 2752K, reserved 1056768K
  class space    used 245K, committed 320K, reserved 1048576K
}
Event: 2.311 GC heap after
{Heap after GC invocations=1 (full 0):
 garbage-first heap   total 63488K, used 6871K [0x00000000c3800000, 0x0000000100000000)
  region size 1024K, 2 young (2048K), 2 survivors (2048K)
 Metaspace       used 2611K, committed 2752K, reserved 1056768K
  class space    used 245K, committed 320K, reserved 1048576K
}
Event: 4.950 GC heap before
{Heap before GC invocations=1 (full 0):
 garbage-first heap   total 63488K, used 16087K [0x00000000c3800000, 0x0000000100000000)
  region size 1024K, 11 young (11264K), 2 survivors (2048K)
 Metaspace       used 4717K, committed 4928K, reserved 1056768K
  class space    used 574K, committed 704K, reserved 1048576K
}
Event: 4.955 GC heap after
{Heap after GC invocations=2 (full 0):
 garbage-first heap   total 63488K, used 7522K [0x00000000c3800000, 0x0000000100000000)
  region size 1024K, 1 young (1024K), 1 survivors (1024K)
 Metaspace       used 4717K, committed 4928K, reserved 1056768K
  class space    used 574K, committed 704K, reserved 1048576K
}
Event: 9.135 GC heap before
{Heap before GC invocations=2 (full 0):
 garbage-first heap   total 63488K, used 26978K [0x00000000c3800000, 0x0000000100000000)
  region size 1024K, 20 young (20480K), 1 survivors (1024K)
 Metaspace       used 8793K, committed 8960K, reserved 1064960K
  class space    used 1081K, committed 1152K, reserved 1048576K
}
Event: 9.144 GC heap after
{Heap after GC invocations=3 (full 0):
 garbage-first heap   total 63488K, used 9188K [0x00000000c3800000, 0x0000000100000000)
  region size 1024K, 3 young (3072K), 3 survivors (3072K)
 Metaspace       used 8793K, committed 8960K, reserved 1064960K
  class space    used 1081K, committed 1152K, reserved 1048576K
}
Event: 12.530 GC heap before
{Heap before GC invocations=3 (full 0):
 garbage-first heap   total 63488K, used 35812K [0x00000000c3800000, 0x0000000100000000)
  region size 1024K, 30 young (30720K), 3 survivors (3072K)
 Metaspace       used 15331K, committed 15552K, reserved 1064960K
  class space    used 2004K, committed 2112K, reserved 1048576K
}
Event: 12.538 GC heap after
{Heap after GC invocations=4 (full 0):
 garbage-first heap   total 63488K, used 11173K [0x00000000c3800000, 0x0000000100000000)
  region size 1024K, 4 young (4096K), 4 survivors (4096K)
 Metaspace       used 15331K, committed 15552K, reserved 1064960K
  class space    used 2004K, committed 2112K, reserved 1048576K
}

