# JRE version: Java(TM) SE Runtime Environment (17.0.1+12) (build 17.0.1+12-LTS-39)
# Java VM: Java HotSpot(TM) 64-Bit Server VM (17.0.1+12-LTS-39, mixed mode, sharing, tiered, compressed oops, compressed class ptrs, g1 gc, windows-amd64)
GC Precious Log:
 CPUs: 4 total, 4 available
 Memory: 3871M
 Large Page Support: Disabled
 NUMA Support: Disabled
 Compressed Oops: Enabled (32-bit)
 Heap Region Size: 1M
 Heap Min Capacity: 8M
 Heap Initial Capacity: 62M
 Heap Max Capacity: 968M
 Pre-touch: Disabled
 Parallel Workers: 4
 Concurrent Workers: 1
 Concurrent Refinement Workers: 4
 Periodic GC: Disabled
Heap:
 garbage-first heap   total 64512K, used 49569K [0x00000000c3800000, 0x0000000100000000)
  region size 1024K, 37 young (37888K), 3 survivors (3072K)
 Metaspace       used 33924K, committed 34176K, reserved 1081344K
  class space    used 4311K, committed 4416K, reserved 1048576K
GC Heap History (20 events):
Event: 2.399 GC heap before
{Heap before GC invocations=2 (full 0):
 garbage-first heap   total 63488K, used 26385K [0x00000000c3800000, 0x0000000100000000)
  region size 1024K, 21 young (21504K), 1 survivors (1024K)
 Metaspace       used 4601K, committed 4800K, reserved 1056768K
  class space    used 483K, committed 576K, reserved 1048576K
}
Event: 2.401 GC heap after
{Heap after GC invocations=3 (full 0):
 garbage-first heap   total 63488K, used 6933K [0x00000000c3800000, 0x0000000100000000)
  region size 1024K, 1 young (1024K), 1 survivors (1024K)
 Metaspace       used 4601K, committed 4800K, reserved 1056768K
  class space    used 483K, committed 576K, reserved 1048576K
}
Event: 4.718 GC heap before
{Heap before GC invocations=3 (full 0):
 garbage-first heap   total 63488K, used 42773K [0x00000000c3800000, 0x0000000100000000)
  region size 1024K, 37 young (37888K), 1 survivors (1024K)
 Metaspace       used 9676K, committed 9856K, reserved 1064960K
  class space    used 1183K, committed 1280K, reserved 1048576K
}
Event: 4.722 GC heap after
{Heap after GC invocations=4 (full 0):
 garbage-first heap   total 63488K, used 8275K [0x00000000c3800000, 0x0000000100000000)
  region size 1024K, 2 young (2048K), 2 survivors (2048K)
 Metaspace       used 9676K, committed 9856K, reserved 1064960K
  class space    used 1183K, committed 1280K, reserved 1048576K
}
Event: 6.000 GC heap before
{Heap before GC invocations=4 (full 0):
 garbage-first heap   total 63488K, used 43091K [0x00000000c3800000, 0x0000000100000000)
  region size 1024K, 37 young (37888K), 2 survivors (2048K)
 Metaspace       used 15750K, committed 16000K, reserved 1064960K
  class space    used 2021K, committed 2112K, reserved 1048576K
}
Event: 6.005 GC heap after
{Heap after GC invocations=5 (full 0):
 garbage-first heap   total 63488K, used 10078K [0x00000000c3800000, 0x0000000100000000)
  region size 1024K, 4 young (4096K), 4 survivors (4096K)
 Metaspace       used 15750K, committed 16000K, reserved 1064960K
  class space    used 2021K, committed 2112K, reserved 1048576K
}
Event: 6.311 GC heap before
{Heap before GC invocations=5 (full 0):
 garbage-first heap   total 63488K, used 42846K [0x00000000c3800000, 0x0000000100000000)
  region size 1024K, 37 young (37888K), 4 survivors (4096K)
 Metaspace       used 17234K, committed 17408K, reserved 1064960K
  class space    used 2155K, committed 2240K, reserved 1048576K
}
Event: 6.316 GC heap after
{Heap after GC invocations=6 (full 0):
 garbage-first heap   total 63488K, used 10358K [0x00000000c3800000, 0x0000000100000000)
  region size 1024K, 3 young (3072K), 3 survivors (3072K)
 Metaspace       used 17234K, committed 17408K, reserved 1064960K
  class space    used 2155K, committed 2240K, reserved 1048576K
}
Event: 8.011 GC heap before
{Heap before GC invocations=6 (full 0):
 garbage-first heap   total 63488K, used 38006K [0x00000000c3800000, 0x0000000100000000)
  region size 1024K, 32 young (32768K), 3 survivors (3072K)
 Metaspace       used 21250K, committed 21504K, reserved 1073152K
  class space    used 2692K, committed 2816K, reserved 1048576K
}
Event: 8.016 GC heap after
{Heap after GC invocations=7 (full 0):
 garbage-first heap   total 63488K, used 11843K [0x00000000c3800000, 0x0000000100000000)
  region size 1024K, 4 young (4096K), 4 survivors (4096K)
 Metaspace       used 21250K, committed 21504K, reserved 1073152K
  class space    used 2692K, committed 2816K, reserved 1048576K
}
Event: 9.589 GC heap before
{Heap before GC invocations=8 (full 0):
 garbage-first heap   total 45056K, used 34371K [0x00000000c3800000, 0x0000000100000000)
  region size 1024K, 26 young (26624K), 4 survivors (4096K)
 Metaspace       used 25224K, committed 25536K, reserved 1073152K
  class space    used 3275K, committed 3456K, reserved 1048576K
}
Event: 9.596 GC heap after
{Heap after GC invocations=9 (full 0):
 garbage-first heap   total 45056K, used 13571K [0x00000000c3800000, 0x0000000100000000)
  region size 1024K, 4 young (4096K), 4 survivors (4096K)
 Metaspace       used 25224K, committed 25536K, reserved 1073152K
  class space    used 3275K, committed 3456K, reserved 1048576K
}
Event: 9.686 GC heap before
{Heap before GC invocations=9 (full 0):
 garbage-first heap   total 45056K, used 14595K [0x00000000c3800000, 0x0000000100000000)
  region size 1024K, 5 young (5120K), 4 survivors (4096K)
 Metaspace       used 25375K, committed 25664K, reserved 1073152K
  class space    used 3297K, committed 3456K, reserved 1048576K
}
Event: 9.695 GC heap after
{Heap after GC invocations=10 (full 0):
 garbage-first heap   total 45056K, used 14063K [0x00000000c3800000, 0x0000000100000000)
  region size 1024K, 1 young (1024K), 1 survivors (1024K)
 Metaspace       used 25375K, committed 25664K, reserved 1073152K
  class space    used 3297K, committed 3456K, reserved 1048576K
}
Event: 10.977 GC heap before
{Heap before GC invocations=10 (full 0):
 garbage-first heap   total 45056K, used 31471K [0x00000000c3800000, 0x0000000100000000)
  region size 1024K, 19 young (19456K), 1 survivors (1024K)
 Metaspace       used 28461K, committed 28736K, reserved 1081344K
  class space    used 3697K, committed 3840K, reserved 1048576K
}
Event: 10.981 GC heap after
{Heap after GC invocations=11 (full 0):
 garbage-first heap   total 64512K, used 15436K [0x00000000c3800000, 0x0000000100000000)
  region size 1024K, 3 young (3072K), 3 survivors (3072K)
 Metaspace       used 28461K, committed 28736K, reserved 1081344K
  class space    used 3697K, committed 3840K, reserved 1048576K
}
Event: 11.002 GC heap before
{Heap before GC invocations=11 (full 0):
 garbage-first heap   total 64512K, used 46156K [0x00000000c3800000, 0x0000000100000000)
  region size 1024K, 34 young (34816K), 3 survivors (3072K)
 Metaspace       used 28461K, committed 28736K, reserved 1081344K
  class space    used 3697K, committed 3840K, reserved 1048576K
}
Event: 11.005 GC heap after
{Heap after GC invocations=12 (full 0):
 garbage-first heap   total 64512K, used 15559K [0x00000000c3800000, 0x0000000100000000)
  region size 1024K, 3 young (3072K), 3 survivors (3072K)
 Metaspace       used 28461K, committed 28736K, reserved 1081344K
  class space    used 3697K, committed 3840K, reserved 1048576K
}
Event: 11.223 GC heap before
{Heap before GC invocations=12 (full 0):
 garbage-first heap   total 64512K, used 48327K [0x00000000c3800000, 0x0000000100000000)
  region size 1024K, 36 young (36864K), 3 survivors (3072K)
 Metaspace       used 29032K, committed 29376K, reserved 1081344K
  class space    used 3750K, committed 3904K, reserved 1048576K
}
Event: 11.227 GC heap after
{Heap after GC invocations=13 (full 0):
 garbage-first heap   total 64512K, used 15777K [0x00000000c3800000, 0x0000000100000000)
  region size 1024K, 3 young (3072K), 3 survivors (3072K)
 Metaspace       used 29032K, committed 29376K, reserved 1081344K
  class space    used 3750K, committed 3904K, reserved 1048576K
}

