# JRE version: Java(TM) SE Runtime Environment (17.0.1+12) (build 17.0.1+12-LTS-39)
# Java VM: Java HotSpot(TM) 64-Bit Server VM (17.0.1+12-LTS-39, mixed mode, sharing, tiered, compressed oops, compressed class ptrs, g1 gc, windows-amd64)
GC Precious Log:
 CPUs: 4 total, 4 available
 Memory: 3871M
 Large Page Support: Disabled
 NUMA Support: Disabled
 Compressed Oops: Enabled (32-bit)
 Heap Region Size: 1M
 Heap Min Capacity: 8M
 Heap Initial Capacity: 62M
 Heap Max Capacity: 968M
 Pre-touch: Disabled
 Parallel Workers: 4
 Concurrent Workers: 1
 Concurrent Refinement Workers: 4
 Periodic GC: Disabled
Heap:
 garbage-first heap   total 51200K, used 17951K [0x00000000c3800000, 0x0000000100000000)
  region size 1024K, 6 young (6144K), 3 survivors (3072K)
 Metaspace       used 30931K, committed 31232K, reserved 1081344K
  class space    used 4406K, committed 4544K, reserved 1048576K
GC Heap History (16 events):
Event: 1.430 GC heap before
{Heap before GC invocations=0 (full 0):
 garbage-first heap   total 63488K, used 13312K [0x00000000c3800000, 0x0000000100000000)
  region size 1024K, 13 young (13312K), 0 survivors (0K)
 Metaspace       used 2603K, committed 2752K, reserved 1056768K
  class space    used 245K, committed 320K, reserved 1048576K
}
Event: 1.446 GC heap after
{Heap after GC invocations=1 (full 0):
 garbage-first heap   total 63488K, used 6852K [0x00000000c3800000, 0x0000000100000000)
  region size 1024K, 2 young (2048K), 2 survivors (2048K)
 Metaspace       used 2603K, committed 2752K, reserved 1056768K
  class space    used 245K, committed 320K, reserved 1048576K
}
Event: 2.117 GC heap before
{Heap before GC invocations=1 (full 0):
 garbage-first heap   total 63488K, used 15044K [0x00000000c3800000, 0x0000000100000000)
  region size 1024K, 10 young (10240K), 2 survivors (2048K)
 Metaspace       used 4433K, committed 4672K, reserved 1056768K
  class space    used 531K, committed 640K, reserved 1048576K
}
Event: 2.121 GC heap after
{Heap after GC invocations=2 (full 0):
 garbage-first heap   total 63488K, used 7763K [0x00000000c3800000, 0x0000000100000000)
  region size 1024K, 1 young (1024K), 1 survivors (1024K)
 Metaspace       used 4433K, committed 4672K, reserved 1056768K
  class space    used 531K, committed 640K, reserved 1048576K
}
Event: 3.755 GC heap before
{Heap before GC invocations=2 (full 0):
 garbage-first heap   total 63488K, used 27219K [0x00000000c3800000, 0x0000000100000000)
  region size 1024K, 20 young (20480K), 1 survivors (1024K)
 Metaspace       used 8561K, committed 8768K, reserved 1064960K
  class space    used 1051K, committed 1152K, reserved 1048576K
}
Event: 3.761 GC heap after
{Heap after GC invocations=3 (full 0):
 garbage-first heap   total 63488K, used 9432K [0x00000000c3800000, 0x0000000100000000)
  region size 1024K, 3 young (3072K), 3 survivors (3072K)
 Metaspace       used 8561K, committed 8768K, reserved 1064960K
  class space    used 1051K, committed 1152K, reserved 1048576K
}
Event: 7.646 GC heap before
{Heap before GC invocations=3 (full 0):
 garbage-first heap   total 63488K, used 38104K [0x00000000c3800000, 0x0000000100000000)
  region size 1024K, 31 young (31744K), 3 survivors (3072K)
 Metaspace       used 15415K, committed 15616K, reserved 1064960K
  class space    used 2022K, committed 2112K, reserved 1048576K
}
Event: 7.653 GC heap after
{Heap after GC invocations=4 (full 0):
 garbage-first heap   total 63488K, used 11347K [0x00000000c3800000, 0x0000000100000000)
  region size 1024K, 4 young (4096K), 4 survivors (4096K)
 Metaspace       used 15415K, committed 15616K, reserved 1064960K
  class space    used 2022K, committed 2112K, reserved 1048576K
}
Event: 9.505 GC heap before
{Heap before GC invocations=4 (full 0):
 garbage-first heap   total 63488K, used 40019K [0x00000000c3800000, 0x0000000100000000)
  region size 1024K, 33 young (33792K), 4 survivors (4096K)
 Metaspace       used 20841K, committed 21056K, reserved 1073152K
  class space    used 2732K, committed 2816K, reserved 1048576K
}
Event: 9.512 GC heap after
{Heap after GC invocations=5 (full 0):
 garbage-first heap   total 63488K, used 13601K [0x00000000c3800000, 0x0000000100000000)
  region size 1024K, 5 young (5120K), 5 survivors (5120K)
 Metaspace       used 20841K, committed 21056K, reserved 1073152K
  class space    used 2732K, committed 2816K, reserved 1048576K
}
Event: 9.775 GC heap before
{Heap before GC invocations=5 (full 0):
 garbage-first heap   total 63488K, used 15649K [0x00000000c3800000, 0x0000000100000000)
  region size 1024K, 8 young (8192K), 5 survivors (5120K)
 Metaspace       used 21301K, committed 21504K, reserved 1073152K
  class space    used 2804K, committed 2880K, reserved 1048576K
}
Event: 9.782 GC heap after
{Heap after GC invocations=6 (full 0):
 garbage-first heap   total 63488K, used 14064K [0x00000000c3800000, 0x0000000100000000)
  region size 1024K, 3 young (3072K), 3 survivors (3072K)
 Metaspace       used 21301K, committed 21504K, reserved 1073152K
  class space    used 2804K, committed 2880K, reserved 1048576K
}
Event: 14.404 GC heap before
{Heap before GC invocations=7 (full 0):
 garbage-first heap   total 51200K, used 41712K [0x00000000c3800000, 0x0000000100000000)
  region size 1024K, 30 young (30720K), 3 survivors (3072K)
 Metaspace       used 26768K, committed 27072K, reserved 1073152K
  class space    used 3663K, committed 3840K, reserved 1048576K
}
Event: 14.410 GC heap after
{Heap after GC invocations=8 (full 0):
 garbage-first heap   total 51200K, used 14743K [0x00000000c3800000, 0x0000000100000000)
  region size 1024K, 2 young (2048K), 2 survivors (2048K)
 Metaspace       used 26768K, committed 27072K, reserved 1073152K
  class space    used 3663K, committed 3840K, reserved 1048576K
}
Event: 17.521 GC heap before
{Heap before GC invocations=8 (full 0):
 garbage-first heap   total 51200K, used 38295K [0x00000000c3800000, 0x0000000100000000)
  region size 1024K, 25 young (25600K), 2 survivors (2048K)
 Metaspace       used 30792K, committed 31104K, reserved 1081344K
  class space    used 4388K, committed 4544K, reserved 1048576K
}
Event: 17.532 GC heap after
{Heap after GC invocations=9 (full 0):
 garbage-first heap   total 51200K, used 15903K [0x00000000c3800000, 0x0000000100000000)
  region size 1024K, 3 young (3072K), 3 survivors (3072K)
 Metaspace       used 30792K, committed 31104K, reserved 1081344K
  class space    used 4388K, committed 4544K, reserved 1048576K
}

