# JRE version: Java(TM) SE Runtime Environment (17.0.1+12) (build 17.0.1+12-LTS-39)
# Java VM: Java HotSpot(TM) 64-Bit Server VM (17.0.1+12-LTS-39, mixed mode, sharing, tiered, compressed oops, compressed class ptrs, g1 gc, windows-amd64)
GC Precious Log:
 CPUs: 4 total, 4 available
 Memory: 3871M
 Large Page Support: Disabled
 NUMA Support: Disabled
 Compressed Oops: Enabled (32-bit)
 Heap Region Size: 1M
 Heap Min Capacity: 8M
 Heap Initial Capacity: 62M
 Heap Max Capacity: 968M
 Pre-touch: Disabled
 Parallel Workers: 4
 Concurrent Workers: 1
 Concurrent Refinement Workers: 4
 Periodic GC: Disabled
Heap:
 garbage-first heap   total 51200K, used 39447K [0x00000000c3800000, 0x0000000100000000)
  region size 1024K, 30 young (30720K), 3 survivors (3072K)
 Metaspace       used 25650K, committed 25920K, reserved 1073152K
  class space    used 3430K, committed 3584K, reserved 1048576K
GC Heap History (12 events):
Event: 2.004 GC heap before
{Heap before GC invocations=0 (full 0):
 garbage-first heap   total 63488K, used 13312K [0x00000000c3800000, 0x0000000100000000)
  region size 1024K, 13 young (13312K), 0 survivors (0K)
 Metaspace       used 2621K, committed 2752K, reserved 1056768K
  class space    used 245K, committed 320K, reserved 1048576K
}
Event: 2.022 GC heap after
{Heap after GC invocations=1 (full 0):
 garbage-first heap   total 63488K, used 6930K [0x00000000c3800000, 0x0000000100000000)
  region size 1024K, 2 young (2048K), 2 survivors (2048K)
 Metaspace       used 2621K, committed 2752K, reserved 1056768K
  class space    used 245K, committed 320K, reserved 1048576K
}
Event: 3.379 GC heap before
{Heap before GC invocations=1 (full 0):
 garbage-first heap   total 63488K, used 16146K [0x00000000c3800000, 0x0000000100000000)
  region size 1024K, 11 young (11264K), 2 survivors (2048K)
 Metaspace       used 4767K, committed 4992K, reserved 1056768K
  class space    used 577K, committed 704K, reserved 1048576K
}
Event: 3.384 GC heap after
{Heap after GC invocations=2 (full 0):
 garbage-first heap   total 63488K, used 7819K [0x00000000c3800000, 0x0000000100000000)
  region size 1024K, 1 young (1024K), 1 survivors (1024K)
 Metaspace       used 4767K, committed 4992K, reserved 1056768K
  class space    used 577K, committed 704K, reserved 1048576K
}
Event: 5.410 GC heap before
{Heap before GC invocations=2 (full 0):
 garbage-first heap   total 63488K, used 27275K [0x00000000c3800000, 0x0000000100000000)
  region size 1024K, 20 young (20480K), 1 survivors (1024K)
 Metaspace       used 8779K, committed 8960K, reserved 1064960K
  class space    used 1081K, committed 1152K, reserved 1048576K
}
Event: 5.417 GC heap after
{Heap after GC invocations=3 (full 0):
 garbage-first heap   total 63488K, used 9463K [0x00000000c3800000, 0x0000000100000000)
  region size 1024K, 3 young (3072K), 3 survivors (3072K)
 Metaspace       used 8779K, committed 8960K, reserved 1064960K
  class space    used 1081K, committed 1152K, reserved 1048576K
}
Event: 7.424 GC heap before
{Heap before GC invocations=3 (full 0):
 garbage-first heap   total 63488K, used 36087K [0x00000000c3800000, 0x0000000100000000)
  region size 1024K, 30 young (30720K), 3 survivors (3072K)
 Metaspace       used 15371K, committed 15552K, reserved 1064960K
  class space    used 2016K, committed 2112K, reserved 1048576K
}
Event: 7.430 GC heap after
{Heap after GC invocations=4 (full 0):
 garbage-first heap   total 63488K, used 11299K [0x00000000c3800000, 0x0000000100000000)
  region size 1024K, 4 young (4096K), 4 survivors (4096K)
 Metaspace       used 15371K, committed 15552K, reserved 1064960K
  class space    used 2016K, committed 2112K, reserved 1048576K
}
Event: 8.630 GC heap before
{Heap before GC invocations=4 (full 0):
 garbage-first heap   total 63488K, used 38947K [0x00000000c3800000, 0x0000000100000000)
  region size 1024K, 32 young (32768K), 4 survivors (4096K)
 Metaspace       used 20573K, committed 20800K, reserved 1073152K
  class space    used 2699K, committed 2816K, reserved 1048576K
}
Event: 8.637 GC heap after
{Heap after GC invocations=5 (full 0):
 garbage-first heap   total 63488K, used 13475K [0x00000000c3800000, 0x0000000100000000)
  region size 1024K, 4 young (4096K), 4 survivors (4096K)
 Metaspace       used 20573K, committed 20800K, reserved 1073152K
  class space    used 2699K, committed 2816K, reserved 1048576K
}
Event: 8.867 GC heap before
{Heap before GC invocations=5 (full 0):
 garbage-first heap   total 63488K, used 16547K [0x00000000c3800000, 0x0000000100000000)
  region size 1024K, 8 young (8192K), 4 survivors (4096K)
 Metaspace       used 21358K, committed 21504K, reserved 1073152K
  class space    used 2801K, committed 2880K, reserved 1048576K
}
Event: 8.875 GC heap after
{Heap after GC invocations=6 (full 0):
 garbage-first heap   total 63488K, used 13847K [0x00000000c3800000, 0x0000000100000000)
  region size 1024K, 3 young (3072K), 3 survivors (3072K)
 Metaspace       used 21358K, committed 21504K, reserved 1073152K
  class space    used 2801K, committed 2880K, reserved 1048576K
}

