# JRE version: Java(TM) SE Runtime Environment (17.0.1+12) (build 17.0.1+12-LTS-39)
# Java VM: Java HotSpot(TM) 64-Bit Server VM (17.0.1+12-LTS-39, mixed mode, sharing, tiered, compressed oops, compressed class ptrs, g1 gc, windows-amd64)
GC Precious Log:
 CPUs: 4 total, 4 available
 Memory: 3871M
 Large Page Support: Disabled
 NUMA Support: Disabled
 Compressed Oops: Enabled (32-bit)
 Heap Region Size: 1M
 Heap Min Capacity: 8M
 Heap Initial Capacity: 62M
 Heap Max Capacity: 968M
 Pre-touch: Disabled
 Parallel Workers: 4
 Concurrent Workers: 1
 Concurrent Refinement Workers: 4
 Periodic GC: Disabled
Heap:
 garbage-first heap   total 63488K, used 19411K [0x00000000c3800000, 0x0000000100000000)
  region size 1024K, 14 young (14336K), 2 survivors (2048K)
 Metaspace       used 12948K, committed 13120K, reserved 1064960K
  class space    used 1724K, committed 1792K, reserved 1048576K
GC Heap History (8 events):
Event: 2.754 GC heap before
{Heap before GC invocations=0 (full 0):
 garbage-first heap   total 63488K, used 14336K [0x00000000c3800000, 0x0000000100000000)
  region size 1024K, 13 young (13312K), 0 survivors (0K)
 Metaspace       used 2705K, committed 2880K, reserved 1056768K
  class space    used 256K, committed 384K, reserved 1048576K
}
Event: 2.789 GC heap after
{Heap after GC invocations=1 (full 0):
 garbage-first heap   total 63488K, used 6031K [0x00000000c3800000, 0x0000000100000000)
  region size 1024K, 2 young (2048K), 2 survivors (2048K)
 Metaspace       used 2705K, committed 2880K, reserved 1056768K
  class space    used 256K, committed 384K, reserved 1048576K
}
Event: 3.722 GC heap before
{Heap before GC invocations=1 (full 0):
 garbage-first heap   total 63488K, used 15247K [0x00000000c3800000, 0x0000000100000000)
  region size 1024K, 12 young (12288K), 2 survivors (2048K)
 Metaspace       used 4439K, committed 4672K, reserved 1056768K
  class space    used 473K, committed 576K, reserved 1048576K
}
Event: 3.727 GC heap after
{Heap after GC invocations=2 (full 0):
 garbage-first heap   total 63488K, used 6651K [0x00000000c3800000, 0x0000000100000000)
  region size 1024K, 1 young (1024K), 1 survivors (1024K)
 Metaspace       used 4439K, committed 4672K, reserved 1056768K
  class space    used 473K, committed 576K, reserved 1048576K
}
Event: 3.742 GC heap before
{Heap before GC invocations=2 (full 0):
 garbage-first heap   total 63488K, used 27131K [0x00000000c3800000, 0x0000000100000000)
  region size 1024K, 22 young (22528K), 1 survivors (1024K)
 Metaspace       used 4439K, committed 4672K, reserved 1056768K
  class space    used 473K, committed 576K, reserved 1048576K
}
Event: 3.744 GC heap after
{Heap after GC invocations=3 (full 0):
 garbage-first heap   total 63488K, used 6742K [0x00000000c3800000, 0x0000000100000000)
  region size 1024K, 1 young (1024K), 1 survivors (1024K)
 Metaspace       used 4439K, committed 4672K, reserved 1056768K
  class space    used 473K, committed 576K, reserved 1048576K
}
Event: 6.396 GC heap before
{Heap before GC invocations=3 (full 0):
 garbage-first heap   total 63488K, used 42582K [0x00000000c3800000, 0x0000000100000000)
  region size 1024K, 37 young (37888K), 1 survivors (1024K)
 Metaspace       used 10181K, committed 10368K, reserved 1064960K
  class space    used 1286K, committed 1344K, reserved 1048576K
}
Event: 6.399 GC heap after
{Heap after GC invocations=4 (full 0):
 garbage-first heap   total 63488K, used 8147K [0x00000000c3800000, 0x0000000100000000)
  region size 1024K, 2 young (2048K), 2 survivors (2048K)
 Metaspace       used 10181K, committed 10368K, reserved 1064960K
  class space    used 1286K, committed 1344K, reserved 1048576K
}

